<?xml version="1.0" encoding="UTF-8"?>
<testsuite xmlns:xsi="http://www.w3.org/2001/XMLSchema-instance" xsi:noNamespaceSchemaLocation="https://maven.apache.org/surefire/maven-surefire-plugin/xsd/surefire-test-report.xsd" name="com.planittesting.xyzbank.tests.CustomerLoginTest" time="11.402" tests="2" errors="0" skipped="0" failures="1">
  <properties>
[...]
</properties>
  <testcase name="verifyCustomerDeposit" classname="com.planittesting.xyzbank.tests.CustomerLoginTest" time="5.886">
    <failure message="expected: &lt;1000.0&gt; but was: &lt;100000.0&gt;" type="org.opentest4j.AssertionFailedError"><![CDATA[org.opentest4j.AssertionFailedError: expected: <1000.0> but was: <100000.0>
	at com.planittesting.xyzbank.tests.CustomerLoginTest.verifyCustomerDeposit(CustomerLoginTest.java:27)
]]></failure>
    <system-out><![CDATA[balance before :  0Balance after100000]]></system-out>
    <system-err><![CDATA[SLF4J: Failed to load class "org.slf4j.impl.StaticLoggerBinder".
SLF4J: Defaulting to no-operation (NOP) logger implementation
SLF4J: See http://www.slf4j.org/codes.html#StaticLoggerBinder for further details.
Starting ChromeDriver 101.0.4951.41 (93c720db8323b3ec10d056025ab95c23a31997c9-refs/branch-heads/4951@{#904}) on port 60823
Only local connections are allowed.
Please see https://chromedriver.chromium.org/security-considerations for suggestions on keeping ChromeDriver safe.
ChromeDriver was started successfully.
[1653564305.645][WARNING]: This version of ChromeDriver has not been tested with Chrome version 102.
May 26, 2022 9:25:05 PM org.openqa.selenium.remote.ProtocolHandshake createSession
INFO: Detected dialect: W3C
May 26, 2022 9:25:05 PM org.openqa.selenium.devtools.CdpVersionFinder findNearestMatch
WARNING: Unable to find an exact match for CDP version 102, so returning the closest version found: 101
May 26, 2022 9:25:05 PM org.openqa.selenium.devtools.CdpVersionFinder findNearestMatch
INFO: Found CDP implementation for version 102 of 101
]]></system-err>
  </testcase>
  <testcase name="verifyCustomerWithdrawal" classname="com.planittesting.xyzbank.tests.CustomerLoginTest" time="5.503"/>
</testsuite>